<?xml version="1.0" encoding="UTF-8"?>
<!-- Generated by org.testng.reporters.JUnitXMLReporter -->
<testsuite hostname="DESKTOP-86SU9N9" ignored="0" name="Test" tests="1" failures="0" timestamp="2020-02-27T09:42:36 PST" time="0.109" errors="0">
  <testcase name="@BeforeMethod startApp" time="-1.582825356133E9" classname="testNGbase.ProjectSpecificMethods">
    <failure type="org.testng.TestNGException" message="
Parameter &amp;apos;url&amp;apos; is required by BeforeMethod on method startApp but has not been marked @Optional or defined
in C:\Testleaf\Maven\LearnJava\testngs.xml">
      <![CDATA[org.testng.TestNGException: 
Parameter 'url' is required by BeforeMethod on method startApp but has not been marked @Optional or defined
in C:\Testleaf\Maven\LearnJava\testngs.xml
at java.util.ArrayList.forEach(Unknown Source)
... Removed 28 stack frames]]>
    </failure>
  </testcase> <!-- @BeforeMethod startApp -->
  <testcase name="@AfterMethod closeApp" time="-1.582825356164E9" classname="testNGbase.ProjectSpecificMethods">
    <skipped/>
  </testcase> <!-- @AfterMethod closeApp -->
  <testcase name="Duplicate" time="0.0" classname="testNGsample.DuplicateLead">
    <skipped/>
  </testcase> <!-- Duplicate -->
</testsuite> <!-- Test -->
